Using pre-set license
Built from '2020.3/staging' branch; Version is '2020.3.19f1 (68f137dc9bbe) revision 6877495'; Using compiler version '192528614'; Build Type 'Release'
OS: 'Windows 10 Pro; OS build 19041.1288; Version 2004; 64bit' Language: 'en' Physical Memory: 32655 MB
BatchMode: 1, IsHumanControllingUs: 0, StartBugReporterOnCrash: 0, Is64bit: 1, IsPro: 0

COMMAND LINE ARGUMENTS:
C:\Program Files\Unity\Hub\Editor\2020.3.19f1\Editor\Unity.exe
-adb2
-batchMode
-noUpm
-name
AssetImportWorker0
-projectPath
D:/GitHubDesktop/app-2.9.4/WalkingSim2.0/WalkingSimCC
-logFile
Logs/AssetImportWorker0.log
-srvPort
59157
Successfully changed project path to: D:/GitHubDesktop/app-2.9.4/WalkingSim2.0/WalkingSimCC
D:/GitHubDesktop/app-2.9.4/WalkingSim2.0/WalkingSimCC
Using Asset Import Pipeline V2.
Refreshing native plugins compatible for Editor in 29.21 ms, found 2 plugins.
Preloading 0 native plugins for Editor in 0.00 ms.
Initialize engine version: 2020.3.19f1 (68f137dc9bbe)
[Subsystems] Discovering subsystems at path C:/Program Files/Unity/Hub/Editor/2020.3.19f1/Editor/Data/Resources/UnitySubsystems
[Subsystems] Discovering subsystems at path D:/GitHubDesktop/app-2.9.4/WalkingSim2.0/WalkingSimCC/Assets
GfxDevice: creating device client; threaded=0
Direct3D:
    Version:  Direct3D 11.0 [level 11.1]
    Renderer: NVIDIA GeForce RTX 3070 (ID=0x2484)
    Vendor:   
    VRAM:     8043 MB
    Driver:   30.0.14.9649
Initialize mono
Mono path[0] = 'C:/Program Files/Unity/Hub/Editor/2020.3.19f1/Editor/Data/Managed'
Mono path[1] = 'C:/Program Files/Unity/Hub/Editor/2020.3.19f1/Editor/Data/MonoBleedingEdge/lib/mono/unityjit'
Mono config path = 'C:/Program Files/Unity/Hub/Editor/2020.3.19f1/Editor/Data/MonoBleedingEdge/etc'
Using monoOptions --debugger-agent=transport=dt_socket,embedding=1,server=y,suspend=n,address=127.0.0.1:56452
Begin MonoManager ReloadAssembly
Registering precompiled unity dll's ...
Register platform support module: C:/Program Files/Unity/Hub/Editor/2020.3.19f1/Editor/Data/PlaybackEngines/WebGLSupport/UnityEditor.WebGL.Extensions.dll
Register platform support module: C:/Program Files/Unity/Hub/Editor/2020.3.19f1/Editor/Data/PlaybackEngines/MacStandaloneSupport/UnityEditor.OSXStandalone.Extensions.dll
Register platform support module: C:/Program Files/Unity/Hub/Editor/2020.3.19f1/Editor/Data/PlaybackEngines/WindowsStandaloneSupport/UnityEditor.WindowsStandalone.Extensions.dll
Registered in 0.002204 seconds.
Native extension for WindowsStandalone target not found
Native extension for OSXStandalone target not found
Native extension for WebGL target not found
Refreshing native plugins compatible for Editor in 24.02 ms, found 2 plugins.
Preloading 0 native plugins for Editor in 0.00 ms.
Mono: successfully reloaded assembly
- Completed reload, in  0.890 seconds
Domain Reload Profiling:
	ReloadAssembly (890ms)
		BeginReloadAssembly (39ms)
			ExecutionOrderSort (0ms)
			DisableScriptedObjects (0ms)
			BackupInstance (0ms)
			ReleaseScriptingObjects (0ms)
			CreateAndSetChildDomain (1ms)
		EndReloadAssembly (279ms)
			LoadAssemblies (37ms)
			RebuildTransferFunctionScriptingTraits (0ms)
			SetupTypeCache (97ms)
			ReleaseScriptCaches (0ms)
			RebuildScriptCaches (19ms)
			SetupLoadedEditorAssemblies (114ms)
				LogAssemblyErrors (0ms)
				InitializePlatformSupportModulesInManaged (4ms)
				SetLoadedEditorAssemblies (0ms)
				RefreshPlugins (24ms)
				BeforeProcessingInitializeOnLoad (12ms)
				ProcessInitializeOnLoadAttributes (54ms)
				ProcessInitializeOnLoadMethodAttributes (19ms)
				AfterProcessingInitializeOnLoad (0ms)
				EditorAssembliesLoaded (0ms)
			ExecutionOrderSort2 (0ms)
			AwakeInstancesAfterBackupRestoration (0ms)
Platform modules already initialized, skipping
Registering precompiled user dll's ...
Registered in 0.001591 seconds.
Begin MonoManager ReloadAssembly
Native extension for WindowsStandalone target not found
Native extension for OSXStandalone target not found
Native extension for WebGL target not found
Refreshing native plugins compatible for Editor in 23.43 ms, found 2 plugins.
Preloading 0 native plugins for Editor in 0.00 ms.
Mono: successfully reloaded assembly
- Completed reload, in  0.727 seconds
Domain Reload Profiling:
	ReloadAssembly (727ms)
		BeginReloadAssembly (99ms)
			ExecutionOrderSort (0ms)
			DisableScriptedObjects (3ms)
			BackupInstance (0ms)
			ReleaseScriptingObjects (0ms)
			CreateAndSetChildDomain (18ms)
		EndReloadAssembly (587ms)
			LoadAssemblies (58ms)
			RebuildTransferFunctionScriptingTraits (0ms)
			SetupTypeCache (171ms)
			ReleaseScriptCaches (0ms)
			RebuildScriptCaches (30ms)
			SetupLoadedEditorAssemblies (253ms)
				LogAssemblyErrors (0ms)
				InitializePlatformSupportModulesInManaged (4ms)
				SetLoadedEditorAssemblies (0ms)
				RefreshPlugins (24ms)
				BeforeProcessingInitializeOnLoad (48ms)
				ProcessInitializeOnLoadAttributes (169ms)
				ProcessInitializeOnLoadMethodAttributes (3ms)
				AfterProcessingInitializeOnLoad (5ms)
				EditorAssembliesLoaded (0ms)
			ExecutionOrderSort2 (0ms)
			AwakeInstancesAfterBackupRestoration (4ms)
Platform modules already initialized, skipping
========================================================================
Worker process is ready to serve import requests
Launched and connected shader compiler UnityShaderCompiler.exe after 0.05 seconds
Refreshing native plugins compatible for Editor in 0.49 ms, found 2 plugins.
Preloading 0 native plugins for Editor in 0.00 ms.
Unloading 1846 Unused Serialized files (Serialized files now loaded: 0)
System memory in use before: 83.1 MB.
System memory in use after: 83.2 MB.

Unloading 19 unused Assets to reduce memory usage. Loaded Objects now: 2289.
Total: 2.679700 ms (FindLiveObjects: 0.191500 ms CreateObjectMapping: 0.052400 ms MarkObjects: 2.378400 ms  DeleteObjects: 0.056700 ms)

AssetImportParameters requested are different than current active one (requested -> active):
  custom:framework-win-MediaFoundation: 216162199b28c13a410421893ffa2e32 -> 
  custom:video-decoder-ogg-theora: a1e56fd34408186e4bbccfd4996cb3dc -> 
  custom:container-muxer-webm: aa71ff27fc2769a1b78a27578f13a17b -> 
  custom:container-demuxer-webm: 4f35f7cbe854078d1ac9338744f61a02 -> 
  custom:container-demuxer-ogg: 62fdf1f143b41e24485cea50d1cbac27 -> 
  custom:video-encoder-webm-vp8: eb34c28f22e8b96e1ab97ce403110664 -> 
  custom:video-decoder-webm-vp8: 9c59270c3fd7afecdb556c50c9e8de78 -> 
  custom:audio-decoder-ogg-vorbis: bf7c407c2cedff20999df2af8eb42d56 -> 
  custom:audio-encoder-webm-vorbis: bf7c407c2cedff20999df2af8eb42d56 -> 
========================================================================
Received Import Request.
  path: Assets/WalkingSimCC.inputactions
  artifactKey: Guid(d646703ebe72647bea0f359f2d261a4b) Importer(815301076,1909f56bfc062723c751e8b465ee728b)
Start importing Assets/WalkingSimCC.inputactions using Guid(d646703ebe72647bea0f359f2d261a4b) Importer(815301076,1909f56bfc062723c751e8b465ee728b)  -> (artifact id: 'b77525c5bb3d7bf0712c3255d8ec0948') in 0.032594 seconds 
  Import took 0.035028 seconds .

========================================================================
Received Import Request.
  Time since last request: 9.832053 seconds.
  path: Assets/Scripts/BasicRigidBodyPush.cs
  artifactKey: Guid(909d917d73a63f940ac158d02e936645) Importer(815301076,1909f56bfc062723c751e8b465ee728b)
Start importing Assets/Scripts/BasicRigidBodyPush.cs using Guid(909d917d73a63f940ac158d02e936645) Importer(815301076,1909f56bfc062723c751e8b465ee728b)  -> (artifact id: '46230d2bfb42facc8385778c926d1214') in 0.006296 seconds 
  Import took 0.008786 seconds .

========================================================================
Received Import Request.
  Time since last request: 0.866565 seconds.
  path: Assets/Scripts/FirstPersonController.cs
  artifactKey: Guid(55919ac34a26952479f3fc91f777b2fa) Importer(815301076,1909f56bfc062723c751e8b465ee728b)
Start importing Assets/Scripts/FirstPersonController.cs using Guid(55919ac34a26952479f3fc91f777b2fa) Importer(815301076,1909f56bfc062723c751e8b465ee728b)  -> (artifact id: '6640c346ab229a65d7141d7343446743') in 0.006548 seconds 
  Import took 0.009106 seconds .

========================================================================
Received Import Request.
  Time since last request: 4.428275 seconds.
  path: Assets/Skybox Sunset/Sky_mat.mat
  artifactKey: Guid(40fa5696077438a49bbce1aac01eba84) Importer(815301076,1909f56bfc062723c751e8b465ee728b)
Start importing Assets/Skybox Sunset/Sky_mat.mat using Guid(40fa5696077438a49bbce1aac01eba84) Importer(815301076,1909f56bfc062723c751e8b465ee728b)  -> (artifact id: 'b6005ee9ac7d22b47276d22308c3161c') in 0.106001 seconds 
  Import took 0.110268 seconds .

========================================================================
Received Import Request.
  Time since last request: 0.623115 seconds.
  path: Assets/Textures/noise1.png
  artifactKey: Guid(39a00f3a4d887cc448b5d165b19938eb) Importer(815301076,1909f56bfc062723c751e8b465ee728b)
Start importing Assets/Textures/noise1.png using Guid(39a00f3a4d887cc448b5d165b19938eb) Importer(815301076,1909f56bfc062723c751e8b465ee728b)  -> (artifact id: 'b6ee5cb134fea50ef91711da2220f74b') in 0.018978 seconds 
  Import took 0.021553 seconds .

========================================================================
Received Import Request.
  Time since last request: 0.000146 seconds.
  path: Assets/Textures/noise1_normal.png
  artifactKey: Guid(d2eac888094a652429c634df007d9ad9) Importer(815301076,1909f56bfc062723c751e8b465ee728b)
Start importing Assets/Textures/noise1_normal.png using Guid(d2eac888094a652429c634df007d9ad9) Importer(815301076,1909f56bfc062723c751e8b465ee728b)  -> (artifact id: '7fd18f9f27b29a40076599e605df73fa') in 0.023342 seconds 
  Import took 0.027205 seconds .

========================================================================
Received Import Request.
  Time since last request: 0.000140 seconds.
  path: Assets/Textures/rock.png
  artifactKey: Guid(1d557bc533f5684438d25d03042b1025) Importer(815301076,1909f56bfc062723c751e8b465ee728b)
Start importing Assets/Textures/rock.png using Guid(1d557bc533f5684438d25d03042b1025) Importer(815301076,1909f56bfc062723c751e8b465ee728b)  -> (artifact id: '7d863eb0f3a23d57ecd1643a4fb88f91') in 0.008890 seconds 
  Import took 0.011103 seconds .

========================================================================
Received Import Request.
  Time since last request: 0.000128 seconds.
  path: Assets/Textures/Rock1_nmp.tif
  artifactKey: Guid(42c12cb55ddd98245a0b2c96121c8a5a) Importer(815301076,1909f56bfc062723c751e8b465ee728b)
Start importing Assets/Textures/Rock1_nmp.tif using Guid(42c12cb55ddd98245a0b2c96121c8a5a) Importer(815301076,1909f56bfc062723c751e8b465ee728b)  -> (artifact id: '57dde5c48a406b793c2451985c3179b9') in 0.016612 seconds 
  Import took 0.018867 seconds .

========================================================================
Received Import Request.
  Time since last request: 0.000160 seconds.
  path: Assets/Textures/noise2.png
  artifactKey: Guid(fccc6818be225674382d96933708d421) Importer(815301076,1909f56bfc062723c751e8b465ee728b)
Start importing Assets/Textures/noise2.png using Guid(fccc6818be225674382d96933708d421) Importer(815301076,1909f56bfc062723c751e8b465ee728b)  -> (artifact id: 'ff8d9b2ac91f7442065eb726dce074f1') in 0.010493 seconds 
  Import took 0.012798 seconds .

========================================================================
Received Import Request.
  Time since last request: 0.649985 seconds.
  path: Assets/Water/Ocean (1).mat
  artifactKey: Guid(ee0ab92234b477d4d8838ca4754e7222) Importer(815301076,1909f56bfc062723c751e8b465ee728b)
Start importing Assets/Water/Ocean (1).mat using Guid(ee0ab92234b477d4d8838ca4754e7222) Importer(815301076,1909f56bfc062723c751e8b465ee728b)  -> (artifact id: '9e5a4414a7d6ed961cedf8c34ed97da1') in 0.021808 seconds 
  Import took 0.024614 seconds .

========================================================================
Received Import Request.
  Time since last request: 0.000143 seconds.
  path: Assets/Water/Ocean (2).mat
  artifactKey: Guid(968fcec20967a054686ff70bde994f21) Importer(815301076,1909f56bfc062723c751e8b465ee728b)
Start importing Assets/Water/Ocean (2).mat using Guid(968fcec20967a054686ff70bde994f21) Importer(815301076,1909f56bfc062723c751e8b465ee728b)  -> (artifact id: 'ed89e3aeaf59ad08ce6434a4d639dff4') in 0.011334 seconds 
  Import took 0.013583 seconds .

========================================================================
Received Import Request.
  Time since last request: 1.827415 seconds.
  path: Assets/Prefabs/NestedParent_Unpack.prefab
  artifactKey: Guid(035bf1ba97d19214580cfe6f5a29fdc3) Importer(815301076,1909f56bfc062723c751e8b465ee728b)
Start importing Assets/Prefabs/NestedParent_Unpack.prefab using Guid(035bf1ba97d19214580cfe6f5a29fdc3) Importer(815301076,1909f56bfc062723c751e8b465ee728b)  -> (artifact id: '0a62eaf2d2f6f2d799734cee5b128924') in 0.246314 seconds 
  Import took 0.252387 seconds .

========================================================================
Received Import Request.
  Time since last request: 0.000166 seconds.
  path: Assets/Prefabs/trident.obj
  artifactKey: Guid(75fcbd00521054287bd9a5b31fb029c0) Importer(815301076,1909f56bfc062723c751e8b465ee728b)
Start importing Assets/Prefabs/trident.obj using Guid(75fcbd00521054287bd9a5b31fb029c0) Importer(815301076,1909f56bfc062723c751e8b465ee728b)  -> (artifact id: 'e0ba91cab940a1b31192535a2558836c') in 0.034685 seconds 
  Import took 0.037202 seconds .

========================================================================
Received Import Request.
  Time since last request: 0.000191 seconds.
  path: Assets/Prefabs/PlayerCapsule.prefab
  artifactKey: Guid(c5efc39a8aaf6e64ea40e9ad573e9b47) Importer(815301076,1909f56bfc062723c751e8b465ee728b)
Start importing Assets/Prefabs/PlayerCapsule.prefab using Guid(c5efc39a8aaf6e64ea40e9ad573e9b47) Importer(815301076,1909f56bfc062723c751e8b465ee728b)  -> (artifact id: '75006d2e055dd5b13fb7ea7958fda0b3') in 0.034693 seconds 
  Import took 0.039390 seconds .

AssetImportWorkerClient::OnTransportError - code=2 error=End of file
